20:59:11.560 [main] DEBUG test.UserTestsProperties - ***debugging***
20:59:11.658 [main] INFO  test.UserTestsProperties - ********* create user **********
20:59:23.154 [main] INFO  test.UserTestsProperties - ******** user is created *******
21:07:47.525 [main] DEBUG test.UserTestsProperties - ***debugging***
21:07:47.641 [main] INFO  test.UserTestsProperties - ********* create user **********
21:09:09.651 [main] DEBUG test.UserTestsProperties - ***debugging***
21:09:09.770 [main] INFO  test.UserTestsProperties - ********* create user **********
21:09:23.339 [main] INFO  test.UserTestsProperties - ******** user is created *******
10:59:19.481 [main] DEBUG test.UserTestsProperties - ***debugging***
10:59:19.545 [main] INFO  test.UserTestsProperties - ********* create user **********
10:59:25.779 [main] INFO  test.UserTestsProperties - ******** user is created *******
10:59:59.647 [main] DEBUG test.UserTestsProperties - ***debugging***
10:59:59.695 [main] INFO  test.UserTestsProperties - ********* create user **********
11:00:04.798 [main] INFO  test.UserTestsProperties - ******** user is created *******
11:00:44.969 [main] DEBUG test.UserTestsProperties - ***debugging***
11:00:45.004 [main] INFO  test.UserTestsProperties - ********* create user **********
11:00:49.445 [main] INFO  test.UserTestsProperties - ******** user is created *******
11:02:16.077 [main] DEBUG test.UserTestsProperties - ***debugging***
11:02:16.115 [main] INFO  test.UserTestsProperties - ********* create user **********
11:02:22.555 [main] INFO  test.UserTestsProperties - ******** user is created *******
12:47:45.049 [main] DEBUG test.UserTests - ***debugging***
12:47:45.106 [main] INFO  test.UserTests - ********* create user **********
12:47:52.033 [main] INFO  test.UserTests - ******** user is created *******
12:56:00.984 [main] DEBUG test.UserTests - ***debugging***
12:56:01.029 [main] INFO  test.UserTests - ********* create user **********
12:56:06.514 [main] INFO  test.UserTests - ******** user is created *******
12:56:27.288 [main] DEBUG test.UserTestsProperties - ***debugging***
12:56:27.333 [main] INFO  test.UserTestsProperties - ********* create user **********
12:56:32.664 [main] INFO  test.UserTestsProperties - ******** user is created *******
12:57:16.527 [main] DEBUG test.UserTestsProperties - ***debugging***
12:57:16.577 [main] INFO  test.UserTestsProperties - ********* create user **********
12:57:21.033 [main] INFO  test.UserTestsProperties - ******** user is created *******
12:58:09.692 [main] DEBUG test.UserTestsProperties - ***debugging***
12:58:09.728 [main] INFO  test.UserTestsProperties - ********* create user **********
12:58:15.180 [main] INFO  test.UserTestsProperties - ******** user is created *******
13:13:08.634 [main] DEBUG test.UserTests - ***debugging***
13:13:08.693 [main] INFO  test.UserTests - ********* create user **********
13:13:15.706 [main] INFO  test.UserTests - ******** user is created *******
13:17:38.128 [main] DEBUG test.UserTests - ***debugging***
13:17:38.170 [main] INFO  test.UserTests - ********* create user **********
13:17:42.910 [main] INFO  test.UserTests - ******** user is created *******
13:18:55.690 [main] DEBUG test.UserTests - ***debugging***
13:18:55.731 [main] INFO  test.UserTests - ********* create user **********
13:19:00.529 [main] INFO  test.UserTests - ******** user is created *******
13:27:20.626 [main] DEBUG test.UserTests - ***debugging***
13:27:20.712 [main] INFO  test.UserTests - ********* create user **********
13:27:28.714 [main] INFO  test.UserTests - ******** user is created *******
13:30:31.363 [main] DEBUG test.UserTests - ***debugging***
13:30:31.457 [main] INFO  test.UserTests - ********* create user **********
13:30:45.299 [main] INFO  test.UserTests - ******** user is created *******
13:57:25.308 [main] DEBUG test.UserTests - ***debugging***
13:57:25.365 [main] INFO  test.UserTests - ********* create user **********
13:57:31.930 [main] INFO  test.UserTests - ******** user is created *******
14:01:01.773 [main] DEBUG test.UserTests - ***debugging***
14:01:01.829 [main] INFO  test.UserTests - ********* create user **********
14:01:08.275 [main] INFO  test.UserTests - ******** user is created *******
14:01:11.655 [main] DEBUG test.UserTestsProperties - ***debugging***
14:01:11.658 [main] INFO  test.UserTestsProperties - ********* create user **********
14:01:12.425 [main] INFO  test.UserTestsProperties - ******** user is created *******
14:02:27.819 [main] DEBUG test.UserTests - ***debugging***
14:02:27.857 [main] INFO  test.UserTests - ********* create user **********
14:02:32.469 [main] INFO  test.UserTests - ******** user is created *******
14:02:35.713 [main] DEBUG test.UserTestsProperties - ***debugging***
14:02:35.716 [main] INFO  test.UserTestsProperties - ********* create user **********
14:02:36.452 [main] INFO  test.UserTestsProperties - ******** user is created *******
14:05:10.763 [main] DEBUG test.UserTests - ***debugging***
14:05:10.827 [main] INFO  test.UserTests - ********* create user **********
14:05:19.413 [main] INFO  test.UserTests - ******** user is created *******
14:05:22.793 [main] DEBUG test.UserTestsProperties - ***debugging***
14:05:22.797 [main] INFO  test.UserTestsProperties - ********* create user **********
14:05:23.631 [main] INFO  test.UserTestsProperties - ******** user is created *******
14:07:11.889 [main] DEBUG test.UserTests - ***debugging***
14:07:11.924 [main] INFO  test.UserTests - ********* create user **********
14:07:16.334 [main] INFO  test.UserTests - ******** user is created *******
